09-Apr-2020 12:01:05.271 정보 [main] org.apache.catalina.startup.VersionLoggerListener.log 서버 버전 이름:        Apache Tomcat/9.0.33
09-Apr-2020 12:01:05.290 정보 [main] org.apache.catalina.startup.VersionLoggerListener.log Server 빌드 시각:          Mar 11 2020 09:31:38 UTC
09-Apr-2020 12:01:05.290 정보 [main] org.apache.catalina.startup.VersionLoggerListener.log Server 버전 번호:         9.0.33.0
09-Apr-2020 12:01:05.290 정보 [main] org.apache.catalina.startup.VersionLoggerListener.log 운영체제 이름:               Windows 10
09-Apr-2020 12:01:05.290 정보 [main] org.apache.catalina.startup.VersionLoggerListener.log 운영체제 버전:            10.0
09-Apr-2020 12:01:05.291 정보 [main] org.apache.catalina.startup.VersionLoggerListener.log 아키텍처:          amd64
09-Apr-2020 12:01:05.291 정보 [main] org.apache.catalina.startup.VersionLoggerListener.log 자바 홈:             C:\Program Files\Java\jdk1.8.0_241\jre
09-Apr-2020 12:01:05.291 정보 [main] org.apache.catalina.startup.VersionLoggerListener.log JVM 버전:           1.8.0_241-b07
09-Apr-2020 12:01:05.291 정보 [main] org.apache.catalina.startup.VersionLoggerListener.log JVM 벤더:            Oracle Corporation
09-Apr-2020 12:01:05.291 정보 [main] org.apache.catalina.startup.VersionLoggerListener.log CATALINA_BASE:         D:\bit155\WebJSP\Utils\apache-tomcat-9.0.33
09-Apr-2020 12:01:05.292 정보 [main] org.apache.catalina.startup.VersionLoggerListener.log CATALINA_HOME:         D:\bit155\WebJSP\Utils\apache-tomcat-9.0.33
09-Apr-2020 12:01:05.294 정보 [main] org.apache.catalina.startup.VersionLoggerListener.log 명령 행 아규먼트: -Djava.util.logging.config.file=D:\bit155\WebJSP\Utils\apache-tomcat-9.0.33\conf\logging.properties
09-Apr-2020 12:01:05.294 정보 [main] org.apache.catalina.startup.VersionLoggerListener.log 명령 행 아규먼트: -Djava.util.logging.manager=org.apache.juli.ClassLoaderLogManager
09-Apr-2020 12:01:05.295 정보 [main] org.apache.catalina.startup.VersionLoggerListener.log 명령 행 아규먼트: -Djdk.tls.ephemeralDHKeySize=2048
09-Apr-2020 12:01:05.296 정보 [main] org.apache.catalina.startup.VersionLoggerListener.log 명령 행 아규먼트: -Djava.protocol.handler.pkgs=org.apache.catalina.webresources
09-Apr-2020 12:01:05.296 정보 [main] org.apache.catalina.startup.VersionLoggerListener.log 명령 행 아규먼트: -Dignore.endorsed.dirs=
09-Apr-2020 12:01:05.297 정보 [main] org.apache.catalina.startup.VersionLoggerListener.log 명령 행 아규먼트: -Dcatalina.base=D:\bit155\WebJSP\Utils\apache-tomcat-9.0.33
09-Apr-2020 12:01:05.298 정보 [main] org.apache.catalina.startup.VersionLoggerListener.log 명령 행 아규먼트: -Dcatalina.home=D:\bit155\WebJSP\Utils\apache-tomcat-9.0.33
09-Apr-2020 12:01:05.298 정보 [main] org.apache.catalina.startup.VersionLoggerListener.log 명령 행 아규먼트: -Djava.io.tmpdir=D:\bit155\WebJSP\Utils\apache-tomcat-9.0.33\temp
09-Apr-2020 12:01:05.299 정보 [main] org.apache.catalina.core.AprLifecycleListener.lifecycleEvent 프로덕션 환경들에서 최적의 성능을 제공하는, APR 기반 Apache Tomcat Native 라이브러리가, 다음 java.library.path에서 발견되지 않습니다: [C:\Program Files\Java\jdk1.8.0_241\bin;C:\Windows\Sun\Java\bin;C:\Windows\system32;C:\Windows;C:\oraclexe\app\oracle\product\11.2.0\server\bin;;C:\oraclexe\app\oracle\product\11.2.0\server\bin;C:\Program Files (x86)\Common Files\Oracle\Java\javapath;C:\Windows\system32;C:\Windows;C:\Windows\System32\Wbem;C:\Windows\System32\WindowsPowerShell\v1.0\;C:\Windows\System32\OpenSSH\;C:\Program Files (x86)\Brackets\command;C:\Program Files\nodejs\;D:\apache-maven-3.6.3-bin\apache-maven-3.6.3\bin;C:\Program Files\Java\jdk1.8.0_241\bin;C:\Program Files\Git\cmd;C:\Users\bit\AppData\Local\Programs\Python\Python36\Scripts\;C:\Users\bit\AppData\Local\Programs\Python\Python36\;C:\Users\bit\AppData\Local\Microsoft\WindowsApps;C:\Users\bit\AppData\Roaming\npm;C:\Program Files\Bandizip\;C:\Users\bit\AppData\Local\Programs\Microsoft VS Code\bin;.]
09-Apr-2020 12:01:05.883 정보 [main] org.apache.coyote.AbstractProtocol.init 프로토콜 핸들러 ["http-nio-8080"]을(를) 초기화합니다.
09-Apr-2020 12:01:06.057 심각 [main] org.apache.catalina.util.LifecycleBase.handleSubClassException 구성요소 [Connector[HTTP/1.1-8080]]을(를) 초기화하지 못했습니다.
	org.apache.catalina.LifecycleException: 프로토콜 핸들러 초기화가 실패했습니다.
		at org.apache.catalina.connector.Connector.initInternal(Connector.java:1013)
		at org.apache.catalina.util.LifecycleBase.init(LifecycleBase.java:136)
		at org.apache.catalina.core.StandardService.initInternal(StandardService.java:533)
		at org.apache.catalina.util.LifecycleBase.init(LifecycleBase.java:136)
		at org.apache.catalina.core.StandardServer.initInternal(StandardServer.java:1057)
		at org.apache.catalina.util.LifecycleBase.init(LifecycleBase.java:136)
		at org.apache.catalina.startup.Catalina.load(Catalina.java:584)
		at org.apache.catalina.startup.Catalina.load(Catalina.java:607)
		at sun.reflect.NativeMethodAccessorImpl.invoke0(Native Method)
		at sun.reflect.NativeMethodAccessorImpl.invoke(NativeMethodAccessorImpl.java:62)
		at sun.reflect.DelegatingMethodAccessorImpl.invoke(DelegatingMethodAccessorImpl.java:43)
		at java.lang.reflect.Method.invoke(Method.java:498)
		at org.apache.catalina.startup.Bootstrap.load(Bootstrap.java:303)
		at org.apache.catalina.startup.Bootstrap.main(Bootstrap.java:473)
	Caused by: java.net.BindException: Address already in use: bind
		at sun.nio.ch.Net.bind0(Native Method)
		at sun.nio.ch.Net.bind(Net.java:433)
		at sun.nio.ch.Net.bind(Net.java:425)
		at sun.nio.ch.ServerSocketChannelImpl.bind(ServerSocketChannelImpl.java:223)
		at sun.nio.ch.ServerSocketAdaptor.bind(ServerSocketAdaptor.java:74)
		at org.apache.tomcat.util.net.NioEndpoint.initServerSocket(NioEndpoint.java:229)
		at org.apache.tomcat.util.net.NioEndpoint.bind(NioEndpoint.java:212)
		at org.apache.tomcat.util.net.AbstractEndpoint.bindWithCleanup(AbstractEndpoint.java:1141)
		at org.apache.tomcat.util.net.AbstractEndpoint.init(AbstractEndpoint.java:1154)
		at org.apache.coyote.AbstractProtocol.init(AbstractProtocol.java:581)
		at org.apache.coyote.http11.AbstractHttp11Protocol.init(AbstractHttp11Protocol.java:74)
		at org.apache.catalina.connector.Connector.initInternal(Connector.java:1010)
		... 13 more
09-Apr-2020 12:01:06.063 정보 [main] org.apache.catalina.startup.Catalina.load [986] 밀리초 내에 서버가 초기화되었습니다.
09-Apr-2020 12:01:06.087 정보 [main] org.apache.catalina.core.StandardService.startInternal 서비스 [Catalina]을(를) 시작합니다.
09-Apr-2020 12:01:06.090 정보 [main] org.apache.catalina.core.StandardEngine.startInternal 서버 엔진을 시작합니다: [Apache Tomcat/9.0.33]
09-Apr-2020 12:01:06.123 정보 [main] org.apache.catalina.startup.HostConfig.deployDirectory 웹 애플리케이션 디렉토리 [D:\bit155\WebJSP\Utils\apache-tomcat-9.0.33\webapps\docs]을(를) 배치합니다.
09-Apr-2020 12:01:06.331 정보 [main] org.apache.catalina.startup.HostConfig.deployDirectory 웹 애플리케이션 디렉토리 [D:\bit155\WebJSP\Utils\apache-tomcat-9.0.33\webapps\docs]에 대한 배치가 [208] 밀리초에 완료되었습니다.
09-Apr-2020 12:01:06.334 정보 [main] org.apache.catalina.startup.HostConfig.deployDirectory 웹 애플리케이션 디렉토리 [D:\bit155\WebJSP\Utils\apache-tomcat-9.0.33\webapps\examples]을(를) 배치합니다.
09-Apr-2020 12:01:06.897 정보 [main] org.apache.catalina.startup.HostConfig.deployDirectory 웹 애플리케이션 디렉토리 [D:\bit155\WebJSP\Utils\apache-tomcat-9.0.33\webapps\examples]에 대한 배치가 [563] 밀리초에 완료되었습니다.
09-Apr-2020 12:01:06.899 정보 [main] org.apache.catalina.startup.HostConfig.deployDirectory 웹 애플리케이션 디렉토리 [D:\bit155\WebJSP\Utils\apache-tomcat-9.0.33\webapps\host-manager]을(를) 배치합니다.
09-Apr-2020 12:01:06.922 정보 [main] org.apache.catalina.startup.HostConfig.deployDirectory 웹 애플리케이션 디렉토리 [D:\bit155\WebJSP\Utils\apache-tomcat-9.0.33\webapps\host-manager]에 대한 배치가 [23] 밀리초에 완료되었습니다.
09-Apr-2020 12:01:06.924 정보 [main] org.apache.catalina.startup.HostConfig.deployDirectory 웹 애플리케이션 디렉토리 [D:\bit155\WebJSP\Utils\apache-tomcat-9.0.33\webapps\manager]을(를) 배치합니다.
09-Apr-2020 12:01:06.944 정보 [main] org.apache.catalina.startup.HostConfig.deployDirectory 웹 애플리케이션 디렉토리 [D:\bit155\WebJSP\Utils\apache-tomcat-9.0.33\webapps\manager]에 대한 배치가 [20] 밀리초에 완료되었습니다.
09-Apr-2020 12:01:06.946 정보 [main] org.apache.catalina.startup.HostConfig.deployDirectory 웹 애플리케이션 디렉토리 [D:\bit155\WebJSP\Utils\apache-tomcat-9.0.33\webapps\ROOT]을(를) 배치합니다.
09-Apr-2020 12:01:06.967 정보 [main] org.apache.catalina.startup.HostConfig.deployDirectory 웹 애플리케이션 디렉토리 [D:\bit155\WebJSP\Utils\apache-tomcat-9.0.33\webapps\ROOT]에 대한 배치가 [21] 밀리초에 완료되었습니다.
09-Apr-2020 12:01:06.972 정보 [main] org.apache.catalina.startup.Catalina.start 서버가 [907] 밀리초 내에 시작되었습니다.
09-Apr-2020 12:01:43.541 정보 [main] org.apache.catalina.core.StandardServer.await 셧다운 포트를 통해 유효한 셧다운 명령을 받았습니다. 서버 인스턴스를 중지시킵니다.
09-Apr-2020 12:01:43.544 정보 [main] org.apache.coyote.AbstractProtocol.pause 프로토콜 핸들러 ["http-nio-8080"]을(를) 일시 정지 중
09-Apr-2020 12:01:43.546 정보 [main] org.apache.catalina.core.StandardService.stopInternal 서비스 [Catalina]을(를) 중지시킵니다.
09-Apr-2020 12:01:43.568 정보 [main] org.apache.coyote.AbstractProtocol.stop 프로토콜 핸들러 ["http-nio-8080"]을(를) 중지시킵니다.
09-Apr-2020 12:01:43.570 정보 [main] org.apache.coyote.AbstractProtocol.destroy 프로토콜 핸들러 ["http-nio-8080"]을(를) 소멸시킵니다.
